runing time:1341.4985225200653
processed: 500/8025
remaining time approximately: 20189.553111982346
runing time:2609.1317055225372
processed: 1000/8025
remaining time approximately: 18329.15031839013
runing time:3790.6601870059967
processed: 1500/8025
remaining time approximately: 16489.371864295004
runing time:5093.969527482986
processed: 2000/8025
remaining time approximately: 15345.58323314488
runing time:6290.7260711193085
processed: 2500/8025
remaining time approximately: 13902.5046408844
runing time:7633.413650274277
processed: 3000/8025
remaining time approximately: 12785.967889767886
runing time:9074.454849243164
processed: 3500/8025
remaining time approximately: 11731.973783865997
runing time:10478.994203090668
processed: 4000/8025
remaining time approximately: 10544.487927655877
runing time:12007.162154912949
processed: 4500/8025
remaining time approximately: 9405.610363086063
runing time:13178.925338745117
processed: 5000/8025
remaining time approximately: 7973.249836143255
runing time:14836.221175909042
processed: 5500/8025
remaining time approximately: 6811.1742719379345
runing time:16033.172144889832
processed: 6000/8025
remaining time approximately: 5411.195602360367
runing time:17383.62696313858
processed: 6500/8025
remaining time approximately: 4078.466328819898
runing time:18726.97960305214
processed: 7000/8025
remaining time approximately: 2742.1648719830173
runing time:20327.93614411354
processed: 7500/8025
remaining time approximately: 1422.9555307555197
runing time:21744.63671398163
processed: 8000/8025
remaining time approximately: 67.95198976621032
Searching subtitles...
Searching videos...


### FRAME EXTRACTION ###
runing time:474.9101483821869
processed: 500/3280
remaining time approximately: 2640.5004793548583




### FRAME EXTRACTION ###
runing time:927.4528393745422
processed: 1000/3280
remaining time approximately: 2114.5924917125703




### FRAME EXTRACTION ###
runing time:1375.9181723594666
processed: 1500/3280
remaining time approximately: 1632.756256945928




### FRAME EXTRACTION ###
runing time:1847.663369178772
processed: 2000/3280
remaining time approximately: 1182.504562225342




### FRAME EXTRACTION ###
runing time:2302.1007471084595
processed: 2500/3280
remaining time approximately: 718.25543592453




### FRAME EXTRACTION ###
runing time:2785.2302463054657
processed: 3000/3280
remaining time approximately: 259.95482374509174


Searching videos...


### FRAME EXTRACTION ###
runing time:286.34483766555786
processed: 500/3280
remaining time approximately: 2714.3296012337596




### FRAME EXTRACTION ###
runing time:742.186318397522
processed: 1000/3280
remaining time approximately: 2252.120139442247




### FRAME EXTRACTION ###
runing time:1195.229374408722
processed: 1500/3280
remaining time approximately: 1790.5683151193912




### FRAME EXTRACTION ###
runing time:1672.390689611435
processed: 2000/3280
remaining time approximately: 1353.2251268344496




### FRAME EXTRACTION ###
runing time:2129.979588508606
processed: 2500/3280
remaining time approximately: 890.4843368263303




### FRAME EXTRACTION ###
runing time:2617.0049328804016
processed: 3000/3280
remaining time approximately: 434.46189418111965


